Wireshark SSL debug log 

Wireshark version: 2.6.3 (v2.6.3-0-ga62e6c27)
GnuTLS version:    3.4.17
Libgcrypt version: 1.7.7

KeyID[20]:
| b4 ab d1 d2 03 d6 4a 65 ba ed a7 d7 6e 30 2d cd |......Je....n0-.|
| 92 27 28 7d                                     |.'(}            |
ssl_init private key file server.key successfully loaded.
ssl_init port '443' filename 'server.key' password(only for p12 file) ''
association_add ssl.port port 443 handle 0x10e9d9ab0

dissect_ssl enter frame #5 (first time)
packet_from_server: is from server - FALSE
  conversation = 0x10ffc1af0, ssl_session = 0x10ffc2920
  record: offset = 0, reported_length_remaining = 142
dissect_ssl3_record: content_type 22 Handshake
decrypt_ssl3_record: app_data len 137, ssl state 0x00
packet_from_server: is from server - FALSE
decrypt_ssl3_record: using client decoder
decrypt_ssl3_record: no decoder available
dissect_ssl3_handshake iteration 1 type 1 offset 5 length 133 bytes, remaining 142 
Calculating hash with offset 5 137
ssl_dissect_hnd_hello_common found CLIENT RANDOM -> state 0x01

dissect_ssl enter frame #7 (first time)
packet_from_server: is from server - TRUE
  conversation = 0x10ffc1af0, ssl_session = 0x10ffc2920
  record: offset = 0, reported_length_remaining = 1063
ssl_try_set_version found version 0x0303 -> state 0x11
dissect_ssl3_record: content_type 22 Handshake
decrypt_ssl3_record: app_data len 49, ssl state 0x11
packet_from_server: is from server - TRUE
decrypt_ssl3_record: using server decoder
decrypt_ssl3_record: no decoder available
dissect_ssl3_handshake iteration 1 type 2 offset 5 length 45 bytes, remaining 54 
ssl_try_set_version found version 0x0303 -> state 0x11
Calculating hash with offset 5 49
ssl_dissect_hnd_hello_common found SERVER RANDOM -> state 0x13
ssl_set_cipher found CIPHER 0xCCA8 TLS_ECDHE_RSA_WITH_CHACHA20_POLY1305_SHA256 -> state 0x17
trying to use SSL keylog in /tmp/key.log
ssl_load_keyfile failed to open SSL keylog
tls13_load_secret TLS version 0x303 is not 1.3
tls13_load_secret TLS version 0x303 is not 1.3
  record: offset = 54, reported_length_remaining = 1009
dissect_ssl3_record: content_type 22 Handshake
decrypt_ssl3_record: app_data len 690, ssl state 0x17
packet_from_server: is from server - TRUE
decrypt_ssl3_record: using server decoder
decrypt_ssl3_record: no decoder available
dissect_ssl3_handshake iteration 1 type 11 offset 59 length 686 bytes, remaining 749 
Calculating hash with offset 59 690
lookup(KeyID)[20]:
| b4 ab d1 d2 03 d6 4a 65 ba ed a7 d7 6e 30 2d cd |......Je....n0-.|
| 92 27 28 7d                                     |.'(}            |
ssl_find_private_key_by_pubkey: lookup result: 0x7fa20188a200
  record: offset = 749, reported_length_remaining = 314
dissect_ssl3_record: content_type 22 Handshake
decrypt_ssl3_record: app_data len 300, ssl state 0x17
packet_from_server: is from server - TRUE
decrypt_ssl3_record: using server decoder
decrypt_ssl3_record: no decoder available
dissect_ssl3_handshake iteration 1 type 12 offset 754 length 296 bytes, remaining 1054 
Calculating hash with offset 754 300
  record: offset = 1054, reported_length_remaining = 9
dissect_ssl3_record: content_type 22 Handshake
decrypt_ssl3_record: app_data len 4, ssl state 0x17
packet_from_server: is from server - TRUE
decrypt_ssl3_record: using server decoder
decrypt_ssl3_record: no decoder available
dissect_ssl3_handshake iteration 1 type 14 offset 1059 length 0 bytes, remaining 1063 
Calculating hash with offset 1059 4

dissect_ssl enter frame #9 (first time)
packet_from_server: is from server - FALSE
  conversation = 0x10ffc1af0, ssl_session = 0x10ffc2920
  record: offset = 0, reported_length_remaining = 85
dissect_ssl3_record: content_type 22 Handshake
decrypt_ssl3_record: app_data len 37, ssl state 0x17
packet_from_server: is from server - FALSE
decrypt_ssl3_record: using client decoder
decrypt_ssl3_record: no decoder available
dissect_ssl3_handshake iteration 1 type 16 offset 5 length 33 bytes, remaining 42 
Calculating hash with offset 5 37
trying to use SSL keylog in /tmp/key.log
ssl_load_keyfile failed to open SSL keylog
ssl_generate_pre_master_secret: found SSL_HND_CLIENT_KEY_EXCHG, state 17
ssl_restore_master_key can't find pre-master secret by Unencrypted pre-master secret
ssl_decrypt_pre_master_secret: session uses Diffie-Hellman key exchange (cipher suite 0xCCA8 TLS_ECDHE_RSA_WITH_CHACHA20_POLY1305_SHA256) and cannot be decrypted using a RSA private key file.
ssl_generate_pre_master_secret: can't decrypt pre-master secret
ssl_restore_master_key can't find pre-master secret by Encrypted pre-master secret
dissect_ssl3_handshake can't generate pre master secret
  record: offset = 42, reported_length_remaining = 43
dissect_ssl3_record: content_type 20 Change Cipher Spec
decrypt_ssl3_record: app_data len 1, ssl state 0x17
packet_from_server: is from server - FALSE
decrypt_ssl3_record: using client decoder
decrypt_ssl3_record: no decoder available
trying to use SSL keylog in /tmp/key.log
ssl_load_keyfile failed to open SSL keylog
ssl_finalize_decryption state = 0x17
ssl_restore_master_key can't restore master secret using an empty Session ID
ssl_restore_master_key can't find master secret by Client Random
  Cannot find master secret
packet_from_server: is from server - FALSE
ssl_change_cipher CLIENT
  record: offset = 48, reported_length_remaining = 37
dissect_ssl3_record: content_type 22 Handshake
decrypt_ssl3_record: app_data len 32, ssl state 0x17
packet_from_server: is from server - FALSE
decrypt_ssl3_record: using client decoder
decrypt_ssl3_record: no decoder available
dissect_ssl3_handshake iteration 1 type 92 offset 53 length 7746761 bytes, remaining 85 

dissect_ssl enter frame #11 (first time)
packet_from_server: is from server - TRUE
  conversation = 0x10ffc1af0, ssl_session = 0x10ffc2920
  record: offset = 0, reported_length_remaining = 43
dissect_ssl3_record: content_type 20 Change Cipher Spec
decrypt_ssl3_record: app_data len 1, ssl state 0x17
packet_from_server: is from server - TRUE
decrypt_ssl3_record: using server decoder
decrypt_ssl3_record: no decoder available
ssl_dissect_change_cipher_spec Not using Session resumption
trying to use SSL keylog in /tmp/key.log
ssl_load_keyfile failed to open SSL keylog
ssl_finalize_decryption state = 0x17
ssl_restore_master_key can't restore master secret using an empty Session ID
ssl_restore_master_key can't find master secret by Client Random
  Cannot find master secret
packet_from_server: is from server - TRUE
ssl_change_cipher SERVER
  record: offset = 6, reported_length_remaining = 37
dissect_ssl3_record: content_type 22 Handshake
decrypt_ssl3_record: app_data len 32, ssl state 0x17
packet_from_server: is from server - TRUE
decrypt_ssl3_record: using server decoder
decrypt_ssl3_record: no decoder available
dissect_ssl3_handshake iteration 1 type 174 offset 11 length 12928285 bytes, remaining 43 

dissect_ssl enter frame #13 (first time)
packet_from_server: is from server - FALSE
  conversation = 0x10ffc1af0, ssl_session = 0x10ffc2920
  record: offset = 0, reported_length_remaining = 27
dissect_ssl3_record: content_type 23 Application Data
decrypt_ssl3_record: app_data len 22, ssl state 0x17
packet_from_server: is from server - FALSE
decrypt_ssl3_record: using client decoder
decrypt_ssl3_record: no decoder available

dissect_ssl enter frame #15 (first time)
packet_from_server: is from server - TRUE
  conversation = 0x10ffc1af0, ssl_session = 0x10ffc2920
  record: offset = 0, reported_length_remaining = 27
dissect_ssl3_record: content_type 23 Application Data
decrypt_ssl3_record: app_data len 22, ssl state 0x17
packet_from_server: is from server - TRUE
decrypt_ssl3_record: using server decoder
decrypt_ssl3_record: no decoder available

dissect_ssl enter frame #17 (first time)
packet_from_server: is from server - FALSE
  conversation = 0x10ffc1af0, ssl_session = 0x10ffc2920
  record: offset = 0, reported_length_remaining = 23
dissect_ssl3_record: content_type 21 Alert
decrypt_ssl3_record: app_data len 18, ssl state 0x17
packet_from_server: is from server - FALSE
decrypt_ssl3_record: using client decoder
decrypt_ssl3_record: no decoder available

dissect_ssl enter frame #21 (first time)
packet_from_server: is from server - TRUE
  conversation = 0x10ffc1af0, ssl_session = 0x10ffc2920
  record: offset = 0, reported_length_remaining = 23
dissect_ssl3_record: content_type 21 Alert
decrypt_ssl3_record: app_data len 18, ssl state 0x17
packet_from_server: is from server - TRUE
decrypt_ssl3_record: using server decoder
decrypt_ssl3_record: no decoder available
